2021-03-01 15:16:10,281 475  [main] INFO  com.mercury.demo.server.ProcessFileImpl - 人工标注:这里是科大讯飞股份有限公司
2021-03-01 15:16:10,288 482  [main] INFO  com.mercury.demo.server.ProcessFileImpl - 引擎转写:这里是安徽科大讯飞股份公司哈
2021-03-01 15:18:21,023 632  [main] INFO  com.mercury.demo.server.ProcessFileImpl - 人工标注:这里是科大讯飞股份有限公司
2021-03-01 15:18:21,027 636  [main] INFO  com.mercury.demo.server.ProcessFileImpl - 引擎转写:这里是安徽科大讯飞股份公司哈
2021-03-01 15:19:24,227 2285 [main] INFO  com.mercury.demo.server.ProcessFile - ===调用非转码引擎接口===
2021-03-01 15:19:25,755 3813 [main] INFO  com.mercury.demo.server.ProcessFile - 引擎调用结果为：{"state":{"code":0,"success":true,"ok":1},"lattices":[{"lid":0,"spk":0,"begin":0,"end":2390,"sc":1.0,"json_cn1best":"{\"bg\":0,\"ed\":2390,\"rl\":1,\"ls\":false,\"msgtype\":\"sentence\",\"sn\":1,\"pa\":0,\"sc\":\"1.00\",\"ws\":[{\"bg\":8,\"cw\":[{\"sf\":0,\"w\":\"安徽省\",\"wb\":8,\"wc\":\"1.0000\",\"we\":52,\"wp\":\"n\"}]},{\"bg\":53,\"cw\":[{\"sf\":0,\"w\":\"合肥市\",\"wb\":53,\"wc\":\"1.0000\",\"we\":89,\"wp\":\"n\"}]},{\"bg\":90,\"cw\":[{\"sf\":0,\"w\":\"啊\",\"wb\":90,\"wc\":\"1.0000\",\"we\":94,\"wp\":\"n\"}]},{\"bg\":95,\"cw\":[{\"sf\":0,\"w\":\"蜀山区\",\"wb\":95,\"wc\":\"1.0000\",\"we\":140,\"wp\":\"n\"}]},{\"bg\":141,\"cw\":[{\"sf\":0,\"w\":\"科大讯飞\",\"wb\":141,\"wc\":\"1.0000\",\"we\":179,\"wp\":\"n\"}]},{\"bg\":180,\"cw\":[{\"sf\":0,\"w\":\"股份\",\"wb\":180,\"wc\":\"1.0000\",\"we\":197,\"wp\":\"n\"}]},{\"bg\":198,\"cw\":[{\"sf\":0,\"w\":\"有限公司\",\"wb\":198,\"wc\":\"1.0000\",\"we\":235,\"wp\":\"n\"}]},{\"bg\":235,\"cw\":[{\"sf\":0,\"w\":\"。\",\"wb\":235,\"wc\":\"0.0000\",\"we\":235,\"wp\":\"p\"}]}]}","onebest":"安徽省合肥市啊蜀山区科大讯飞股份有限公司。"}]}
2021-03-01 15:19:25,756 3814 [main] INFO  com.mercury.demo.server.ProcessFile - ===引擎请求结束===
2021-03-01 15:19:25,775 3833 [main] INFO  com.mercury.demo.server.ProcessFileImpl - 相等：安徽省
2021-03-01 15:19:25,775 3833 [main] INFO  com.mercury.demo.server.ProcessFileImpl - 插入：合肥市啊蜀山区
2021-03-01 15:19:25,775 3833 [main] INFO  com.mercury.demo.server.ProcessFileImpl - 相等：科大讯飞股份有限公司
2021-03-01 15:19:25,775 3833 [main] INFO  com.mercury.demo.server.ProcessFileImpl - 插入：。
2021-03-01 15:20:21,108 1883 [main] INFO  com.mercury.demo.server.ProcessFile - ===调用非转码引擎接口===
2021-03-01 15:20:21,729 2504 [main] INFO  com.mercury.demo.server.ProcessFile - 引擎调用结果为：{"state":{"code":10039,"success":false,"ok":0,"failed":"download file, uri: [null] null;;"},"lattices":[]}
2021-03-01 15:20:21,729 2504 [main] INFO  com.mercury.demo.server.ProcessFile - ===引擎请求结束===
2021-03-01 15:20:21,731 2506 [main] INFO  com.mercury.demo.server.ProcessFile - ===调用非转码引擎接口===
2021-03-01 15:20:22,643 3418 [main] INFO  com.mercury.demo.server.ProcessFile - 引擎调用结果为：{"state":{"code":0,"success":true,"ok":1},"lattices":[{"lid":0,"spk":0,"begin":0,"end":2390,"sc":1.0,"json_cn1best":"{\"bg\":0,\"ed\":2390,\"rl\":1,\"ls\":false,\"msgtype\":\"sentence\",\"sn\":1,\"pa\":0,\"sc\":\"1.00\",\"ws\":[{\"bg\":8,\"cw\":[{\"sf\":0,\"w\":\"安徽省\",\"wb\":8,\"wc\":\"1.0000\",\"we\":52,\"wp\":\"n\"}]},{\"bg\":53,\"cw\":[{\"sf\":0,\"w\":\"合肥市\",\"wb\":53,\"wc\":\"1.0000\",\"we\":89,\"wp\":\"n\"}]},{\"bg\":90,\"cw\":[{\"sf\":0,\"w\":\"啊\",\"wb\":90,\"wc\":\"1.0000\",\"we\":94,\"wp\":\"n\"}]},{\"bg\":95,\"cw\":[{\"sf\":0,\"w\":\"蜀山区\",\"wb\":95,\"wc\":\"1.0000\",\"we\":140,\"wp\":\"n\"}]},{\"bg\":141,\"cw\":[{\"sf\":0,\"w\":\"科大讯飞\",\"wb\":141,\"wc\":\"1.0000\",\"we\":179,\"wp\":\"n\"}]},{\"bg\":180,\"cw\":[{\"sf\":0,\"w\":\"股份\",\"wb\":180,\"wc\":\"1.0000\",\"we\":197,\"wp\":\"n\"}]},{\"bg\":198,\"cw\":[{\"sf\":0,\"w\":\"有限公司\",\"wb\":198,\"wc\":\"1.0000\",\"we\":235,\"wp\":\"n\"}]},{\"bg\":235,\"cw\":[{\"sf\":0,\"w\":\"。\",\"wb\":235,\"wc\":\"0.0000\",\"we\":235,\"wp\":\"p\"}]}]}","onebest":"安徽省合肥市啊蜀山区科大讯飞股份有限公司。"}]}
2021-03-01 15:20:22,644 3419 [main] INFO  com.mercury.demo.server.ProcessFile - ===引擎请求结束===
2021-03-01 15:20:22,658 3433 [main] INFO  com.mercury.demo.server.ProcessFileImpl - 人工标注:安徽省合肥市啊蜀山区科大讯飞股份有限公司。
2021-03-01 15:20:22,658 3433 [main] INFO  com.mercury.demo.server.ProcessFileImpl - 引擎转写:安徽省科大讯飞股份有限公司
2021-03-01 15:20:22,668 3443 [main] INFO  com.mercury.demo.server.ProcessFile - ===调用非转码引擎接口===
2021-03-01 15:20:22,851 3626 [main] INFO  com.mercury.demo.server.ProcessFile - 引擎调用结果为：{"state":{"code":10039,"success":false,"ok":0,"failed":"download file, uri: [null] null;;"},"lattices":[]}
2021-03-01 15:20:22,851 3626 [main] INFO  com.mercury.demo.server.ProcessFile - ===引擎请求结束===
2021-03-01 15:20:22,853 3628 [main] INFO  com.mercury.demo.server.ProcessFile - ===调用非转码引擎接口===
2021-03-01 15:20:23,684 4459 [main] INFO  com.mercury.demo.server.ProcessFile - 引擎调用结果为：{"state":{"code":0,"success":true,"ok":1},"lattices":[{"lid":0,"spk":0,"begin":0,"end":2390,"sc":1.0,"json_cn1best":"{\"bg\":0,\"ed\":2390,\"rl\":1,\"ls\":false,\"msgtype\":\"sentence\",\"sn\":1,\"pa\":0,\"sc\":\"1.00\",\"ws\":[{\"bg\":8,\"cw\":[{\"sf\":0,\"w\":\"安徽省\",\"wb\":8,\"wc\":\"1.0000\",\"we\":52,\"wp\":\"n\"}]},{\"bg\":53,\"cw\":[{\"sf\":0,\"w\":\"合肥市\",\"wb\":53,\"wc\":\"1.0000\",\"we\":89,\"wp\":\"n\"}]},{\"bg\":90,\"cw\":[{\"sf\":0,\"w\":\"啊\",\"wb\":90,\"wc\":\"1.0000\",\"we\":94,\"wp\":\"n\"}]},{\"bg\":95,\"cw\":[{\"sf\":0,\"w\":\"蜀山区\",\"wb\":95,\"wc\":\"1.0000\",\"we\":140,\"wp\":\"n\"}]},{\"bg\":141,\"cw\":[{\"sf\":0,\"w\":\"科大讯飞\",\"wb\":141,\"wc\":\"1.0000\",\"we\":179,\"wp\":\"n\"}]},{\"bg\":180,\"cw\":[{\"sf\":0,\"w\":\"股份\",\"wb\":180,\"wc\":\"1.0000\",\"we\":197,\"wp\":\"n\"}]},{\"bg\":198,\"cw\":[{\"sf\":0,\"w\":\"有限公司\",\"wb\":198,\"wc\":\"1.0000\",\"we\":235,\"wp\":\"n\"}]},{\"bg\":235,\"cw\":[{\"sf\":0,\"w\":\"。\",\"wb\":235,\"wc\":\"0.0000\",\"we\":235,\"wp\":\"p\"}]}]}","onebest":"安徽省合肥市啊蜀山区科大讯飞股份有限公司。"}]}
2021-03-01 15:20:23,685 4460 [main] INFO  com.mercury.demo.server.ProcessFile - ===引擎请求结束===
2021-03-01 15:20:23,687 4462 [main] INFO  com.mercury.demo.server.ProcessFileImpl - 相等：安徽省
2021-03-01 15:20:23,687 4462 [main] INFO  com.mercury.demo.server.ProcessFileImpl - 插入：合肥市啊蜀山区
2021-03-01 15:20:23,687 4462 [main] INFO  com.mercury.demo.server.ProcessFileImpl - 相等：科大讯飞股份有限公司
2021-03-01 15:20:23,687 4462 [main] INFO  com.mercury.demo.server.ProcessFileImpl - 插入：。
2021-03-01 18:33:44,061 2289 [main] INFO  com.mercury.demo.server.ProcessFile - ===调用非转码引擎接口===
2021-03-01 18:33:45,568 3796 [main] INFO  com.mercury.demo.server.ProcessFile - 引擎调用结果为：{"state":{"code":0,"success":true,"ok":1},"lattices":[{"lid":0,"spk":0,"begin":0,"end":2390,"sc":1.0,"json_cn1best":"{\"bg\":0,\"ed\":2390,\"rl\":1,\"ls\":false,\"msgtype\":\"sentence\",\"sn\":1,\"pa\":0,\"sc\":\"1.00\",\"ws\":[{\"bg\":8,\"cw\":[{\"sf\":0,\"w\":\"安徽省\",\"wb\":8,\"wc\":\"1.0000\",\"we\":52,\"wp\":\"n\"}]},{\"bg\":53,\"cw\":[{\"sf\":0,\"w\":\"合肥市\",\"wb\":53,\"wc\":\"1.0000\",\"we\":89,\"wp\":\"n\"}]},{\"bg\":90,\"cw\":[{\"sf\":0,\"w\":\"啊\",\"wb\":90,\"wc\":\"1.0000\",\"we\":94,\"wp\":\"n\"}]},{\"bg\":95,\"cw\":[{\"sf\":0,\"w\":\"蜀山区\",\"wb\":95,\"wc\":\"1.0000\",\"we\":140,\"wp\":\"n\"}]},{\"bg\":141,\"cw\":[{\"sf\":0,\"w\":\"科大讯飞\",\"wb\":141,\"wc\":\"1.0000\",\"we\":179,\"wp\":\"n\"}]},{\"bg\":180,\"cw\":[{\"sf\":0,\"w\":\"股份\",\"wb\":180,\"wc\":\"1.0000\",\"we\":197,\"wp\":\"n\"}]},{\"bg\":198,\"cw\":[{\"sf\":0,\"w\":\"有限公司\",\"wb\":198,\"wc\":\"1.0000\",\"we\":235,\"wp\":\"n\"}]},{\"bg\":235,\"cw\":[{\"sf\":0,\"w\":\"。\",\"wb\":235,\"wc\":\"0.0000\",\"we\":235,\"wp\":\"p\"}]}]}","onebest":"安徽省合肥市啊蜀山区科大讯飞股份有限公司。"}]}
2021-03-01 18:33:45,569 3797 [main] INFO  com.mercury.demo.server.ProcessFile - ===引擎请求结束===
2021-03-01 18:40:21,943 1948 [main] INFO  com.mercury.demo.server.ProcessFile - ===调用非转码引擎接口===
2021-03-01 18:40:23,430 3435 [main] INFO  com.mercury.demo.server.ProcessFile - 引擎调用结果为：{"state":{"code":0,"success":true,"ok":1},"lattices":[{"lid":0,"spk":0,"begin":0,"end":2390,"sc":1.0,"json_cn1best":"{\"bg\":0,\"ed\":2390,\"rl\":1,\"ls\":false,\"msgtype\":\"sentence\",\"sn\":1,\"pa\":0,\"sc\":\"1.00\",\"ws\":[{\"bg\":8,\"cw\":[{\"sf\":0,\"w\":\"安徽省\",\"wb\":8,\"wc\":\"1.0000\",\"we\":52,\"wp\":\"n\"}]},{\"bg\":53,\"cw\":[{\"sf\":0,\"w\":\"合肥市\",\"wb\":53,\"wc\":\"1.0000\",\"we\":89,\"wp\":\"n\"}]},{\"bg\":90,\"cw\":[{\"sf\":0,\"w\":\"啊\",\"wb\":90,\"wc\":\"1.0000\",\"we\":94,\"wp\":\"n\"}]},{\"bg\":95,\"cw\":[{\"sf\":0,\"w\":\"蜀山区\",\"wb\":95,\"wc\":\"1.0000\",\"we\":140,\"wp\":\"n\"}]},{\"bg\":141,\"cw\":[{\"sf\":0,\"w\":\"科大讯飞\",\"wb\":141,\"wc\":\"1.0000\",\"we\":179,\"wp\":\"n\"}]},{\"bg\":180,\"cw\":[{\"sf\":0,\"w\":\"股份\",\"wb\":180,\"wc\":\"1.0000\",\"we\":197,\"wp\":\"n\"}]},{\"bg\":198,\"cw\":[{\"sf\":0,\"w\":\"有限公司\",\"wb\":198,\"wc\":\"1.0000\",\"we\":235,\"wp\":\"n\"}]},{\"bg\":235,\"cw\":[{\"sf\":0,\"w\":\"。\",\"wb\":235,\"wc\":\"0.0000\",\"we\":235,\"wp\":\"p\"}]}]}","onebest":"安徽省合肥市啊蜀山区科大讯飞股份有限公司。"}]}
2021-03-01 18:40:23,431 3436 [main] INFO  com.mercury.demo.server.ProcessFile - ===引擎请求结束===
