2021-03-02 17:02:25,499 1165 [main] INFO  com.mercury.demo.DemoApplication - Starting DemoApplication on kehu2 with PID 22628 (D:\Javastudy\engine-test-tool\target\classes started by kehu2 in D:\Javastudy\engine-test-tool)
2021-03-02 17:02:25,506 1172 [main] INFO  com.mercury.demo.DemoApplication - No active profile set, falling back to default profiles: default
2021-03-02 17:02:27,456 3122 [main] INFO  org.springframework.boot.web.embedded.tomcat.TomcatWebServer - Tomcat initialized with port(s): 8081 (http)
2021-03-02 17:02:27,477 3143 [main] INFO  org.apache.coyote.http11.Http11NioProtocol - Initializing ProtocolHandler ["http-nio-8081"]
2021-03-02 17:02:27,492 3158 [main] INFO  org.apache.catalina.core.StandardService - Starting service [Tomcat]
2021-03-02 17:02:27,492 3158 [main] INFO  org.apache.catalina.core.StandardEngine - Starting Servlet Engine: Apache Tomcat/9.0.13
2021-03-02 17:02:27,504 3170 [main] INFO  org.apache.catalina.core.AprLifecycleListener - The APR based Apache Tomcat Native library which allows optimal performance in production environments was not found on the java.library.path: [D:\Program Files\JDK+JRE+MAVEN\JDK\jdk1.8.0_251\bin;C:\Windows\Sun\Java\bin;C:\Windows\system32;C:\Windows;C:\Python38\Scripts\;C:\Python38\;D:\Program Files\JDK+JRE+MAVEN\JDK\jdk1.8.0_251\bin;D:\Program Files\JDK+JRE+MAVEN\JDK\jdk1.8.0_251\jre\bin;C:\Program Files (x86)\Common Files\Oracle\Java\javapath;C:\Program Files (x86)\Common Files\NetSarang;D:\Program Files\XShell\Xlpd 6\;D:\Program Files\XShell\Xmanager 6\;C:\Windows\system32;C:\Windows;C:\Windows\System32\Wbem;C:\Windows\System32\WindowsPowerShell\v1.0\;C:\Windows\System32\OpenSSH\;C:\Program Files\Pan Iflytek;D:\maven\apache-maven-3.5.4\bin;%GRADLE_HOME%\bin;C:\ProgramData\chocolatey\bin;D:\Program Files\nodejs;C:\Program Files\MySQL\MySQL Server 8.0\bin;D:\Program Files\Git\Git\cmd;D:\Program Files\TortoiseGit\bin;C:\Users\kehu2\.app\;C:\Program Files\MySQL\MySQL Shell 8.0\bin\;%USERPROFILE%\AppData\Local\Microsoft\WindowsApps;D:\Program Files\nodejs\node_global;%SystemRoot%\System32\Wbem;D:\Program Files\nodejs\node_global;;D:\Program Files\VScode\Microsoft VS Code\bin;.]
2021-03-02 17:02:27,705 3371 [main] INFO  org.apache.catalina.core.ContainerBase.[Tomcat].[localhost].[/] - Initializing Spring embedded WebApplicationContext
2021-03-02 17:02:27,706 3372 [main] INFO  org.springframework.web.context.ContextLoader - Root WebApplicationContext: initialization completed in 2119 ms
2021-03-02 17:02:28,099 3765 [main] INFO  org.springframework.scheduling.concurrent.ThreadPoolTaskExecutor - Initializing ExecutorService 'applicationTaskExecutor'
2021-03-02 17:02:28,508 4174 [main] INFO  org.apache.coyote.http11.Http11NioProtocol - Starting ProtocolHandler ["http-nio-8081"]
2021-03-02 17:02:28,521 4187 [main] INFO  org.apache.tomcat.util.net.NioSelectorPool - Using a shared selector for servlet write/read
2021-03-02 17:02:28,544 4210 [main] INFO  org.springframework.boot.web.embedded.tomcat.TomcatWebServer - Tomcat started on port(s): 8081 (http) with context path ''
2021-03-02 17:02:28,549 4215 [main] INFO  com.mercury.demo.DemoApplication - Started DemoApplication in 3.778 seconds (JVM running for 5.736)
2021-03-02 17:07:08,378 284044 [http-nio-8081-exec-1] INFO  org.apache.catalina.core.ContainerBase.[Tomcat].[localhost].[/] - Initializing Spring DispatcherServlet 'dispatcherServlet'
2021-03-02 17:07:08,378 284044 [http-nio-8081-exec-1] INFO  org.springframework.web.servlet.DispatcherServlet - Initializing Servlet 'dispatcherServlet'
2021-03-02 17:07:08,388 284054 [http-nio-8081-exec-1] INFO  org.springframework.web.servlet.DispatcherServlet - Completed initialization in 10 ms
2021-03-02 17:08:18,241 1025 [main] INFO  com.mercury.demo.DemoApplication - Starting DemoApplication on kehu2 with PID 20396 (D:\Javastudy\engine-test-tool\target\classes started by kehu2 in D:\Javastudy\engine-test-tool)
2021-03-02 17:08:18,249 1033 [main] INFO  com.mercury.demo.DemoApplication - No active profile set, falling back to default profiles: default
2021-03-02 17:08:19,779 2563 [main] INFO  org.springframework.boot.web.embedded.tomcat.TomcatWebServer - Tomcat initialized with port(s): 8081 (http)
2021-03-02 17:08:19,796 2580 [main] INFO  org.apache.coyote.http11.Http11NioProtocol - Initializing ProtocolHandler ["http-nio-8081"]
2021-03-02 17:08:19,808 2592 [main] INFO  org.apache.catalina.core.StandardService - Starting service [Tomcat]
2021-03-02 17:08:19,809 2593 [main] INFO  org.apache.catalina.core.StandardEngine - Starting Servlet Engine: Apache Tomcat/9.0.13
2021-03-02 17:08:19,818 2602 [main] INFO  org.apache.catalina.core.AprLifecycleListener - The APR based Apache Tomcat Native library which allows optimal performance in production environments was not found on the java.library.path: [D:\Program Files\JDK+JRE+MAVEN\JDK\jdk1.8.0_251\bin;C:\Windows\Sun\Java\bin;C:\Windows\system32;C:\Windows;C:\Python38\Scripts\;C:\Python38\;D:\Program Files\JDK+JRE+MAVEN\JDK\jdk1.8.0_251\bin;D:\Program Files\JDK+JRE+MAVEN\JDK\jdk1.8.0_251\jre\bin;C:\Program Files (x86)\Common Files\Oracle\Java\javapath;C:\Program Files (x86)\Common Files\NetSarang;D:\Program Files\XShell\Xlpd 6\;D:\Program Files\XShell\Xmanager 6\;C:\Windows\system32;C:\Windows;C:\Windows\System32\Wbem;C:\Windows\System32\WindowsPowerShell\v1.0\;C:\Windows\System32\OpenSSH\;C:\Program Files\Pan Iflytek;D:\maven\apache-maven-3.5.4\bin;%GRADLE_HOME%\bin;C:\ProgramData\chocolatey\bin;D:\Program Files\nodejs;C:\Program Files\MySQL\MySQL Server 8.0\bin;D:\Program Files\Git\Git\cmd;D:\Program Files\TortoiseGit\bin;C:\Users\kehu2\.app\;C:\Program Files\MySQL\MySQL Shell 8.0\bin\;%USERPROFILE%\AppData\Local\Microsoft\WindowsApps;D:\Program Files\nodejs\node_global;%SystemRoot%\System32\Wbem;D:\Program Files\nodejs\node_global;;D:\Program Files\VScode\Microsoft VS Code\bin;.]
2021-03-02 17:08:19,969 2753 [main] INFO  org.apache.catalina.core.ContainerBase.[Tomcat].[localhost].[/] - Initializing Spring embedded WebApplicationContext
2021-03-02 17:08:19,969 2753 [main] INFO  org.springframework.web.context.ContextLoader - Root WebApplicationContext: initialization completed in 1660 ms
2021-03-02 17:08:20,285 3069 [main] INFO  org.springframework.scheduling.concurrent.ThreadPoolTaskExecutor - Initializing ExecutorService 'applicationTaskExecutor'
2021-03-02 17:08:20,637 3421 [main] INFO  org.apache.coyote.http11.Http11NioProtocol - Starting ProtocolHandler ["http-nio-8081"]
2021-03-02 17:08:20,651 3435 [main] INFO  org.apache.tomcat.util.net.NioSelectorPool - Using a shared selector for servlet write/read
2021-03-02 17:08:20,676 3460 [main] INFO  org.springframework.boot.web.embedded.tomcat.TomcatWebServer - Tomcat started on port(s): 8081 (http) with context path ''
2021-03-02 17:08:20,682 3466 [main] INFO  com.mercury.demo.DemoApplication - Started DemoApplication in 3.085 seconds (JVM running for 4.756)
2021-03-02 17:08:29,694 12478 [http-nio-8081-exec-1] INFO  org.apache.catalina.core.ContainerBase.[Tomcat].[localhost].[/] - Initializing Spring DispatcherServlet 'dispatcherServlet'
2021-03-02 17:08:29,695 12479 [http-nio-8081-exec-1] INFO  org.springframework.web.servlet.DispatcherServlet - Initializing Servlet 'dispatcherServlet'
2021-03-02 17:08:29,702 12486 [http-nio-8081-exec-1] INFO  org.springframework.web.servlet.DispatcherServlet - Completed initialization in 7 ms
2021-03-02 17:14:05,123 1386 [main] INFO  com.mercury.demo.DemoApplication - Starting DemoApplication on kehu2 with PID 24672 (D:\Javastudy\engine-test-tool\target\classes started by kehu2 in D:\Javastudy\engine-test-tool)
2021-03-02 17:14:05,130 1393 [main] INFO  com.mercury.demo.DemoApplication - No active profile set, falling back to default profiles: default
2021-03-02 17:14:06,874 3137 [main] INFO  org.springframework.boot.web.embedded.tomcat.TomcatWebServer - Tomcat initialized with port(s): 8090 (http)
2021-03-02 17:14:06,895 3158 [main] INFO  org.apache.coyote.http11.Http11NioProtocol - Initializing ProtocolHandler ["http-nio-8090"]
2021-03-02 17:14:06,911 3174 [main] INFO  org.apache.catalina.core.StandardService - Starting service [Tomcat]
2021-03-02 17:14:06,912 3175 [main] INFO  org.apache.catalina.core.StandardEngine - Starting Servlet Engine: Apache Tomcat/9.0.13
2021-03-02 17:14:06,921 3184 [main] INFO  org.apache.catalina.core.AprLifecycleListener - The APR based Apache Tomcat Native library which allows optimal performance in production environments was not found on the java.library.path: [D:\Program Files\JDK+JRE+MAVEN\JDK\jdk1.8.0_251\bin;C:\Windows\Sun\Java\bin;C:\Windows\system32;C:\Windows;C:\Python38\Scripts\;C:\Python38\;D:\Program Files\JDK+JRE+MAVEN\JDK\jdk1.8.0_251\bin;D:\Program Files\JDK+JRE+MAVEN\JDK\jdk1.8.0_251\jre\bin;C:\Program Files (x86)\Common Files\Oracle\Java\javapath;C:\Program Files (x86)\Common Files\NetSarang;D:\Program Files\XShell\Xlpd 6\;D:\Program Files\XShell\Xmanager 6\;C:\Windows\system32;C:\Windows;C:\Windows\System32\Wbem;C:\Windows\System32\WindowsPowerShell\v1.0\;C:\Windows\System32\OpenSSH\;C:\Program Files\Pan Iflytek;D:\maven\apache-maven-3.5.4\bin;%GRADLE_HOME%\bin;C:\ProgramData\chocolatey\bin;D:\Program Files\nodejs;C:\Program Files\MySQL\MySQL Server 8.0\bin;D:\Program Files\Git\Git\cmd;D:\Program Files\TortoiseGit\bin;C:\Users\kehu2\.app\;C:\Program Files\MySQL\MySQL Shell 8.0\bin\;%USERPROFILE%\AppData\Local\Microsoft\WindowsApps;D:\Program Files\nodejs\node_global;%SystemRoot%\System32\Wbem;D:\Program Files\nodejs\node_global;;D:\Program Files\VScode\Microsoft VS Code\bin;.]
2021-03-02 17:14:07,139 3402 [main] INFO  org.apache.catalina.core.ContainerBase.[Tomcat].[localhost].[/] - Initializing Spring embedded WebApplicationContext
2021-03-02 17:14:07,141 3404 [main] INFO  org.springframework.web.context.ContextLoader - Root WebApplicationContext: initialization completed in 1859 ms
2021-03-02 17:14:07,495 3758 [main] INFO  org.springframework.scheduling.concurrent.ThreadPoolTaskExecutor - Initializing ExecutorService 'applicationTaskExecutor'
2021-03-02 17:14:07,908 4171 [main] INFO  org.apache.coyote.http11.Http11NioProtocol - Starting ProtocolHandler ["http-nio-8090"]
2021-03-02 17:14:07,923 4186 [main] INFO  org.apache.tomcat.util.net.NioSelectorPool - Using a shared selector for servlet write/read
2021-03-02 17:14:07,949 4212 [main] INFO  org.springframework.boot.web.embedded.tomcat.TomcatWebServer - Tomcat started on port(s): 8090 (http) with context path ''
2021-03-02 17:14:07,954 4217 [main] INFO  com.mercury.demo.DemoApplication - Started DemoApplication in 3.658 seconds (JVM running for 6.21)
2021-03-02 17:14:23,582 19845 [http-nio-8090-exec-1] INFO  org.apache.catalina.core.ContainerBase.[Tomcat].[localhost].[/] - Initializing Spring DispatcherServlet 'dispatcherServlet'
2021-03-02 17:14:23,583 19846 [http-nio-8090-exec-1] INFO  org.springframework.web.servlet.DispatcherServlet - Initializing Servlet 'dispatcherServlet'
2021-03-02 17:14:23,588 19851 [http-nio-8090-exec-1] INFO  org.springframework.web.servlet.DispatcherServlet - Completed initialization in 5 ms
2021-03-02 17:22:09,730 1502 [main] INFO  com.mercury.demo.DemoApplication - Starting DemoApplication on kehu2 with PID 23528 (D:\Javastudy\engine-test-tool\target\classes started by kehu2 in D:\Javastudy\engine-test-tool)
2021-03-02 17:22:09,735 1507 [main] INFO  com.mercury.demo.DemoApplication - No active profile set, falling back to default profiles: default
2021-03-02 17:22:11,783 3555 [main] INFO  org.springframework.boot.web.embedded.tomcat.TomcatWebServer - Tomcat initialized with port(s): 8090 (http)
2021-03-02 17:22:11,804 3576 [main] INFO  org.apache.coyote.http11.Http11NioProtocol - Initializing ProtocolHandler ["http-nio-8090"]
2021-03-02 17:22:11,819 3591 [main] INFO  org.apache.catalina.core.StandardService - Starting service [Tomcat]
2021-03-02 17:22:11,820 3592 [main] INFO  org.apache.catalina.core.StandardEngine - Starting Servlet Engine: Apache Tomcat/9.0.13
2021-03-02 17:22:11,830 3602 [main] INFO  org.apache.catalina.core.AprLifecycleListener - The APR based Apache Tomcat Native library which allows optimal performance in production environments was not found on the java.library.path: [D:\Program Files\JDK+JRE+MAVEN\JDK\jdk1.8.0_251\bin;C:\Windows\Sun\Java\bin;C:\Windows\system32;C:\Windows;C:\Python38\Scripts\;C:\Python38\;D:\Program Files\JDK+JRE+MAVEN\JDK\jdk1.8.0_251\bin;D:\Program Files\JDK+JRE+MAVEN\JDK\jdk1.8.0_251\jre\bin;C:\Program Files (x86)\Common Files\Oracle\Java\javapath;C:\Program Files (x86)\Common Files\NetSarang;D:\Program Files\XShell\Xlpd 6\;D:\Program Files\XShell\Xmanager 6\;C:\Windows\system32;C:\Windows;C:\Windows\System32\Wbem;C:\Windows\System32\WindowsPowerShell\v1.0\;C:\Windows\System32\OpenSSH\;C:\Program Files\Pan Iflytek;D:\maven\apache-maven-3.5.4\bin;%GRADLE_HOME%\bin;C:\ProgramData\chocolatey\bin;D:\Program Files\nodejs;C:\Program Files\MySQL\MySQL Server 8.0\bin;D:\Program Files\Git\Git\cmd;D:\Program Files\TortoiseGit\bin;C:\Users\kehu2\.app\;C:\Program Files\MySQL\MySQL Shell 8.0\bin\;%USERPROFILE%\AppData\Local\Microsoft\WindowsApps;D:\Program Files\nodejs\node_global;%SystemRoot%\System32\Wbem;D:\Program Files\nodejs\node_global;;D:\Program Files\VScode\Microsoft VS Code\bin;.]
2021-03-02 17:22:12,048 3820 [main] INFO  org.apache.catalina.core.ContainerBase.[Tomcat].[localhost].[/] - Initializing Spring embedded WebApplicationContext
2021-03-02 17:22:12,049 3821 [main] INFO  org.springframework.web.context.ContextLoader - Root WebApplicationContext: initialization completed in 2225 ms
2021-03-02 17:22:12,358 4130 [main] INFO  org.springframework.scheduling.concurrent.ThreadPoolTaskExecutor - Initializing ExecutorService 'applicationTaskExecutor'
2021-03-02 17:22:12,723 4495 [main] INFO  org.apache.coyote.http11.Http11NioProtocol - Starting ProtocolHandler ["http-nio-8090"]
2021-03-02 17:22:12,737 4509 [main] INFO  org.apache.tomcat.util.net.NioSelectorPool - Using a shared selector for servlet write/read
2021-03-02 17:22:12,762 4534 [main] INFO  org.springframework.boot.web.embedded.tomcat.TomcatWebServer - Tomcat started on port(s): 8090 (http) with context path ''
2021-03-02 17:22:12,768 4540 [main] INFO  com.mercury.demo.DemoApplication - Started DemoApplication in 3.95 seconds (JVM running for 6.161)
2021-03-02 17:22:26,623 18395 [http-nio-8090-exec-1] INFO  org.apache.catalina.core.ContainerBase.[Tomcat].[localhost].[/] - Initializing Spring DispatcherServlet 'dispatcherServlet'
2021-03-02 17:22:26,623 18395 [http-nio-8090-exec-1] INFO  org.springframework.web.servlet.DispatcherServlet - Initializing Servlet 'dispatcherServlet'
2021-03-02 17:22:26,630 18402 [http-nio-8090-exec-1] INFO  org.springframework.web.servlet.DispatcherServlet - Completed initialization in 6 ms
2021-03-02 17:28:24,953 1961 [main] INFO  com.mercury.demo.server.ProcessFile - ===调用非转码引擎接口===
2021-03-02 17:28:25,660 2668 [main] INFO  com.mercury.demo.server.ProcessFile - 引擎调用结果为：{"state":{"code":10039,"success":false,"ok":0,"failed":"download file, uri: [null] null;;"},"lattices":[]}
2021-03-02 17:28:25,661 2669 [main] INFO  com.mercury.demo.server.ProcessFile - ===引擎请求结束===
2021-03-02 17:28:25,663 2671 [main] INFO  com.mercury.demo.server.ProcessFile - ===调用非转码引擎接口===
2021-03-02 17:28:26,605 3613 [main] INFO  com.mercury.demo.server.ProcessFile - 引擎调用结果为：{"state":{"code":0,"success":true,"ok":1},"lattices":[{"lid":0,"spk":0,"begin":0,"end":2390,"sc":1.0,"json_cn1best":"{\"bg\":0,\"ed\":2390,\"rl\":1,\"ls\":false,\"msgtype\":\"sentence\",\"sn\":1,\"pa\":0,\"sc\":\"1.00\",\"ws\":[{\"bg\":8,\"cw\":[{\"sf\":0,\"w\":\"安徽省\",\"wb\":8,\"wc\":\"1.0000\",\"we\":52,\"wp\":\"n\"}]},{\"bg\":53,\"cw\":[{\"sf\":0,\"w\":\"合肥市\",\"wb\":53,\"wc\":\"1.0000\",\"we\":89,\"wp\":\"n\"}]},{\"bg\":90,\"cw\":[{\"sf\":0,\"w\":\"啊\",\"wb\":90,\"wc\":\"1.0000\",\"we\":94,\"wp\":\"n\"}]},{\"bg\":95,\"cw\":[{\"sf\":0,\"w\":\"蜀山区\",\"wb\":95,\"wc\":\"1.0000\",\"we\":140,\"wp\":\"n\"}]},{\"bg\":141,\"cw\":[{\"sf\":0,\"w\":\"科大讯飞\",\"wb\":141,\"wc\":\"1.0000\",\"we\":179,\"wp\":\"n\"}]},{\"bg\":180,\"cw\":[{\"sf\":0,\"w\":\"股份\",\"wb\":180,\"wc\":\"1.0000\",\"we\":197,\"wp\":\"n\"}]},{\"bg\":198,\"cw\":[{\"sf\":0,\"w\":\"有限公司\",\"wb\":198,\"wc\":\"1.0000\",\"we\":235,\"wp\":\"n\"}]},{\"bg\":235,\"cw\":[{\"sf\":0,\"w\":\"。\",\"wb\":235,\"wc\":\"0.0000\",\"we\":235,\"wp\":\"p\"}]}]}","onebest":"安徽省合肥市啊蜀山区科大讯飞股份有限公司。"}]}
2021-03-02 17:28:26,606 3614 [main] INFO  com.mercury.demo.server.ProcessFile - ===引擎请求结束===
2021-03-02 17:51:13,042 1168 [main] INFO  com.mercury.demo.DemoApplication - Starting DemoApplication on kehu2 with PID 18068 (D:\Javastudy\engine-test-tool\target\classes started by kehu2 in D:\Javastudy\engine-test-tool)
2021-03-02 17:51:13,046 1172 [main] INFO  com.mercury.demo.DemoApplication - No active profile set, falling back to default profiles: default
2021-03-02 17:51:14,705 2831 [main] INFO  org.springframework.boot.web.embedded.tomcat.TomcatWebServer - Tomcat initialized with port(s): 8090 (http)
2021-03-02 17:51:14,722 2848 [main] INFO  org.apache.coyote.http11.Http11NioProtocol - Initializing ProtocolHandler ["http-nio-8090"]
2021-03-02 17:51:14,734 2860 [main] INFO  org.apache.catalina.core.StandardService - Starting service [Tomcat]
2021-03-02 17:51:14,735 2861 [main] INFO  org.apache.catalina.core.StandardEngine - Starting Servlet Engine: Apache Tomcat/9.0.13
2021-03-02 17:51:14,743 2869 [main] INFO  org.apache.catalina.core.AprLifecycleListener - The APR based Apache Tomcat Native library which allows optimal performance in production environments was not found on the java.library.path: [D:\Program Files\JDK+JRE+MAVEN\JDK\jdk1.8.0_251\bin;C:\Windows\Sun\Java\bin;C:\Windows\system32;C:\Windows;C:\Python38\Scripts\;C:\Python38\;D:\Program Files\JDK+JRE+MAVEN\JDK\jdk1.8.0_251\bin;D:\Program Files\JDK+JRE+MAVEN\JDK\jdk1.8.0_251\jre\bin;C:\Program Files (x86)\Common Files\Oracle\Java\javapath;C:\Program Files (x86)\Common Files\NetSarang;D:\Program Files\XShell\Xlpd 6\;D:\Program Files\XShell\Xmanager 6\;C:\Windows\system32;C:\Windows;C:\Windows\System32\Wbem;C:\Windows\System32\WindowsPowerShell\v1.0\;C:\Windows\System32\OpenSSH\;C:\Program Files\Pan Iflytek;D:\maven\apache-maven-3.5.4\bin;%GRADLE_HOME%\bin;C:\ProgramData\chocolatey\bin;D:\Program Files\nodejs;C:\Program Files\MySQL\MySQL Server 8.0\bin;D:\Program Files\Git\Git\cmd;D:\Program Files\TortoiseGit\bin;C:\Users\kehu2\.app\;C:\Program Files\MySQL\MySQL Shell 8.0\bin\;%USERPROFILE%\AppData\Local\Microsoft\WindowsApps;D:\Program Files\nodejs\node_global;%SystemRoot%\System32\Wbem;D:\Program Files\nodejs\node_global;;D:\Program Files\VScode\Microsoft VS Code\bin;.]
2021-03-02 17:51:14,936 3062 [main] INFO  org.apache.catalina.core.ContainerBase.[Tomcat].[localhost].[/] - Initializing Spring embedded WebApplicationContext
2021-03-02 17:51:14,937 3063 [main] INFO  org.springframework.web.context.ContextLoader - Root WebApplicationContext: initialization completed in 1816 ms
2021-03-02 17:51:15,267 3393 [main] INFO  org.springframework.scheduling.concurrent.ThreadPoolTaskExecutor - Initializing ExecutorService 'applicationTaskExecutor'
2021-03-02 17:51:15,682 3808 [main] INFO  org.apache.coyote.http11.Http11NioProtocol - Starting ProtocolHandler ["http-nio-8090"]
2021-03-02 17:51:15,697 3823 [main] INFO  org.apache.tomcat.util.net.NioSelectorPool - Using a shared selector for servlet write/read
2021-03-02 17:51:15,719 3845 [main] INFO  org.springframework.boot.web.embedded.tomcat.TomcatWebServer - Tomcat started on port(s): 8090 (http) with context path ''
2021-03-02 17:51:15,724 3850 [main] INFO  com.mercury.demo.DemoApplication - Started DemoApplication in 3.41 seconds (JVM running for 5.099)
2021-03-02 17:51:25,175 13301 [http-nio-8090-exec-1] INFO  org.apache.catalina.core.ContainerBase.[Tomcat].[localhost].[/] - Initializing Spring DispatcherServlet 'dispatcherServlet'
2021-03-02 17:51:25,176 13302 [http-nio-8090-exec-1] INFO  org.springframework.web.servlet.DispatcherServlet - Initializing Servlet 'dispatcherServlet'
2021-03-02 17:51:25,183 13309 [http-nio-8090-exec-1] INFO  org.springframework.web.servlet.DispatcherServlet - Completed initialization in 7 ms
2021-03-02 17:51:31,691 19817 [http-nio-8090-exec-4] INFO  com.mercury.demo.server.ProcessFile - ===调用非转码引擎接口===
2021-03-02 17:51:32,410 20536 [http-nio-8090-exec-4] INFO  com.mercury.demo.server.ProcessFile - 引擎调用结果为：{"state":{"code":10039,"success":false,"ok":0,"failed":"download file, uri: [null] null;;"},"lattices":[]}
2021-03-02 17:51:32,411 20537 [http-nio-8090-exec-4] INFO  com.mercury.demo.server.ProcessFile - ===引擎请求结束===
2021-03-02 17:51:32,416 20542 [http-nio-8090-exec-4] INFO  com.mercury.demo.server.ProcessFile - ===调用非转码引擎接口===
2021-03-02 17:51:33,396 21522 [http-nio-8090-exec-4] INFO  com.mercury.demo.server.ProcessFile - 引擎调用结果为：{"state":{"code":0,"success":true,"ok":1},"lattices":[{"lid":0,"spk":0,"begin":0,"end":2390,"sc":1.0,"json_cn1best":"{\"bg\":0,\"ed\":2390,\"rl\":1,\"ls\":false,\"msgtype\":\"sentence\",\"sn\":1,\"pa\":0,\"sc\":\"1.00\",\"ws\":[{\"bg\":8,\"cw\":[{\"sf\":0,\"w\":\"安徽省\",\"wb\":8,\"wc\":\"1.0000\",\"we\":52,\"wp\":\"n\"}]},{\"bg\":53,\"cw\":[{\"sf\":0,\"w\":\"合肥市\",\"wb\":53,\"wc\":\"1.0000\",\"we\":89,\"wp\":\"n\"}]},{\"bg\":90,\"cw\":[{\"sf\":0,\"w\":\"啊\",\"wb\":90,\"wc\":\"1.0000\",\"we\":94,\"wp\":\"n\"}]},{\"bg\":95,\"cw\":[{\"sf\":0,\"w\":\"蜀山区\",\"wb\":95,\"wc\":\"1.0000\",\"we\":140,\"wp\":\"n\"}]},{\"bg\":141,\"cw\":[{\"sf\":0,\"w\":\"科大讯飞\",\"wb\":141,\"wc\":\"1.0000\",\"we\":179,\"wp\":\"n\"}]},{\"bg\":180,\"cw\":[{\"sf\":0,\"w\":\"股份\",\"wb\":180,\"wc\":\"1.0000\",\"we\":197,\"wp\":\"n\"}]},{\"bg\":198,\"cw\":[{\"sf\":0,\"w\":\"有限公司\",\"wb\":198,\"wc\":\"1.0000\",\"we\":235,\"wp\":\"n\"}]},{\"bg\":235,\"cw\":[{\"sf\":0,\"w\":\"。\",\"wb\":235,\"wc\":\"0.0000\",\"we\":235,\"wp\":\"p\"}]}]}","onebest":"安徽省合肥市啊蜀山区科大讯飞股份有限公司。"}]}
2021-03-02 17:51:33,397 21523 [http-nio-8090-exec-4] INFO  com.mercury.demo.server.ProcessFile - ===引擎请求结束===
2021-03-02 18:07:47,335 1511 [main] INFO  com.mercury.demo.DemoApplication - Starting DemoApplication on kehu2 with PID 25212 (D:\Javastudy\engine-test-tool\target\classes started by kehu2 in D:\Javastudy\engine-test-tool)
2021-03-02 18:07:47,342 1518 [main] INFO  com.mercury.demo.DemoApplication - No active profile set, falling back to default profiles: default
2021-03-02 18:07:49,263 3439 [main] INFO  org.springframework.boot.web.embedded.tomcat.TomcatWebServer - Tomcat initialized with port(s): 8090 (http)
2021-03-02 18:07:49,280 3456 [main] INFO  org.apache.coyote.http11.Http11NioProtocol - Initializing ProtocolHandler ["http-nio-8090"]
2021-03-02 18:07:49,294 3470 [main] INFO  org.apache.catalina.core.StandardService - Starting service [Tomcat]
2021-03-02 18:07:49,294 3470 [main] INFO  org.apache.catalina.core.StandardEngine - Starting Servlet Engine: Apache Tomcat/9.0.13
2021-03-02 18:07:49,304 3480 [main] INFO  org.apache.catalina.core.AprLifecycleListener - The APR based Apache Tomcat Native library which allows optimal performance in production environments was not found on the java.library.path: [D:\Program Files\JDK+JRE+MAVEN\JDK\jdk1.8.0_251\bin;C:\Windows\Sun\Java\bin;C:\Windows\system32;C:\Windows;C:\Python38\Scripts\;C:\Python38\;D:\Program Files\JDK+JRE+MAVEN\JDK\jdk1.8.0_251\bin;D:\Program Files\JDK+JRE+MAVEN\JDK\jdk1.8.0_251\jre\bin;C:\Program Files (x86)\Common Files\Oracle\Java\javapath;C:\Program Files (x86)\Common Files\NetSarang;D:\Program Files\XShell\Xlpd 6\;D:\Program Files\XShell\Xmanager 6\;C:\Windows\system32;C:\Windows;C:\Windows\System32\Wbem;C:\Windows\System32\WindowsPowerShell\v1.0\;C:\Windows\System32\OpenSSH\;C:\Program Files\Pan Iflytek;D:\maven\apache-maven-3.5.4\bin;%GRADLE_HOME%\bin;C:\ProgramData\chocolatey\bin;D:\Program Files\nodejs;C:\Program Files\MySQL\MySQL Server 8.0\bin;D:\Program Files\Git\Git\cmd;D:\Program Files\TortoiseGit\bin;C:\Users\kehu2\.app\;C:\Program Files\MySQL\MySQL Shell 8.0\bin\;%USERPROFILE%\AppData\Local\Microsoft\WindowsApps;D:\Program Files\nodejs\node_global;%SystemRoot%\System32\Wbem;D:\Program Files\nodejs\node_global;;D:\Program Files\VScode\Microsoft VS Code\bin;.]
2021-03-02 18:07:49,479 3655 [main] INFO  org.apache.catalina.core.ContainerBase.[Tomcat].[localhost].[/] - Initializing Spring embedded WebApplicationContext
2021-03-02 18:07:49,480 3656 [main] INFO  org.springframework.web.context.ContextLoader - Root WebApplicationContext: initialization completed in 2060 ms
2021-03-02 18:07:49,787 3963 [main] INFO  org.springframework.scheduling.concurrent.ThreadPoolTaskExecutor - Initializing ExecutorService 'applicationTaskExecutor'
2021-03-02 18:07:50,156 4332 [main] INFO  org.apache.coyote.http11.Http11NioProtocol - Starting ProtocolHandler ["http-nio-8090"]
2021-03-02 18:07:50,167 4343 [main] INFO  org.apache.tomcat.util.net.NioSelectorPool - Using a shared selector for servlet write/read
2021-03-02 18:07:50,190 4366 [main] INFO  org.springframework.boot.web.embedded.tomcat.TomcatWebServer - Tomcat started on port(s): 8090 (http) with context path ''
2021-03-02 18:07:50,195 4371 [main] INFO  com.mercury.demo.DemoApplication - Started DemoApplication in 3.883 seconds (JVM running for 5.781)
2021-03-02 18:07:53,056 7232 [http-nio-8090-exec-1] INFO  org.apache.catalina.core.ContainerBase.[Tomcat].[localhost].[/] - Initializing Spring DispatcherServlet 'dispatcherServlet'
2021-03-02 18:07:53,056 7232 [http-nio-8090-exec-1] INFO  org.springframework.web.servlet.DispatcherServlet - Initializing Servlet 'dispatcherServlet'
2021-03-02 18:07:53,064 7240 [http-nio-8090-exec-1] INFO  org.springframework.web.servlet.DispatcherServlet - Completed initialization in 7 ms
2021-03-02 18:07:53,618 7794 [http-nio-8090-exec-1] INFO  com.mercury.demo.server.ProcessFile - ===调用非转码引擎接口===
2021-03-02 18:07:54,078 8254 [http-nio-8090-exec-1] INFO  com.mercury.demo.server.ProcessFile - 引擎调用结果为：{"state":{"code":10039,"success":false,"ok":0,"failed":"download file, uri: [null] null;;"},"lattices":[]}
2021-03-02 18:07:54,079 8255 [http-nio-8090-exec-1] INFO  com.mercury.demo.server.ProcessFile - ===引擎请求结束===
2021-03-02 18:07:54,081 8257 [http-nio-8090-exec-1] INFO  com.mercury.demo.server.ProcessFile - ===调用非转码引擎接口===
2021-03-02 18:07:55,014 9190 [http-nio-8090-exec-1] INFO  com.mercury.demo.server.ProcessFile - 引擎调用结果为：{"state":{"code":0,"success":true,"ok":1},"lattices":[{"lid":0,"spk":0,"begin":0,"end":2390,"sc":1.0,"json_cn1best":"{\"bg\":0,\"ed\":2390,\"rl\":1,\"ls\":false,\"msgtype\":\"sentence\",\"sn\":1,\"pa\":0,\"sc\":\"1.00\",\"ws\":[{\"bg\":8,\"cw\":[{\"sf\":0,\"w\":\"安徽省\",\"wb\":8,\"wc\":\"1.0000\",\"we\":52,\"wp\":\"n\"}]},{\"bg\":53,\"cw\":[{\"sf\":0,\"w\":\"合肥市\",\"wb\":53,\"wc\":\"1.0000\",\"we\":89,\"wp\":\"n\"}]},{\"bg\":90,\"cw\":[{\"sf\":0,\"w\":\"啊\",\"wb\":90,\"wc\":\"1.0000\",\"we\":94,\"wp\":\"n\"}]},{\"bg\":95,\"cw\":[{\"sf\":0,\"w\":\"蜀山区\",\"wb\":95,\"wc\":\"1.0000\",\"we\":140,\"wp\":\"n\"}]},{\"bg\":141,\"cw\":[{\"sf\":0,\"w\":\"科大讯飞\",\"wb\":141,\"wc\":\"1.0000\",\"we\":179,\"wp\":\"n\"}]},{\"bg\":180,\"cw\":[{\"sf\":0,\"w\":\"股份\",\"wb\":180,\"wc\":\"1.0000\",\"we\":197,\"wp\":\"n\"}]},{\"bg\":198,\"cw\":[{\"sf\":0,\"w\":\"有限公司\",\"wb\":198,\"wc\":\"1.0000\",\"we\":235,\"wp\":\"n\"}]},{\"bg\":235,\"cw\":[{\"sf\":0,\"w\":\"。\",\"wb\":235,\"wc\":\"0.0000\",\"we\":235,\"wp\":\"p\"}]}]}","onebest":"安徽省合肥市啊蜀山区科大讯飞股份有限公司。"}]}
2021-03-02 18:07:55,015 9191 [http-nio-8090-exec-1] INFO  com.mercury.demo.server.ProcessFile - ===引擎请求结束===
2021-03-02 18:09:23,845 1327 [main] INFO  com.mercury.demo.DemoApplication - Starting DemoApplication on kehu2 with PID 22944 (D:\Javastudy\engine-test-tool\target\classes started by kehu2 in D:\Javastudy\engine-test-tool)
2021-03-02 18:09:23,850 1332 [main] INFO  com.mercury.demo.DemoApplication - No active profile set, falling back to default profiles: default
2021-03-02 18:09:25,949 3431 [main] INFO  org.springframework.boot.web.embedded.tomcat.TomcatWebServer - Tomcat initialized with port(s): 8090 (http)
2021-03-02 18:09:25,968 3450 [main] INFO  org.apache.coyote.http11.Http11NioProtocol - Initializing ProtocolHandler ["http-nio-8090"]
2021-03-02 18:09:25,982 3464 [main] INFO  org.apache.catalina.core.StandardService - Starting service [Tomcat]
2021-03-02 18:09:25,982 3464 [main] INFO  org.apache.catalina.core.StandardEngine - Starting Servlet Engine: Apache Tomcat/9.0.13
2021-03-02 18:09:25,992 3474 [main] INFO  org.apache.catalina.core.AprLifecycleListener - The APR based Apache Tomcat Native library which allows optimal performance in production environments was not found on the java.library.path: [D:\Program Files\JDK+JRE+MAVEN\JDK\jdk1.8.0_251\bin;C:\Windows\Sun\Java\bin;C:\Windows\system32;C:\Windows;C:\Python38\Scripts\;C:\Python38\;D:\Program Files\JDK+JRE+MAVEN\JDK\jdk1.8.0_251\bin;D:\Program Files\JDK+JRE+MAVEN\JDK\jdk1.8.0_251\jre\bin;C:\Program Files (x86)\Common Files\Oracle\Java\javapath;C:\Program Files (x86)\Common Files\NetSarang;D:\Program Files\XShell\Xlpd 6\;D:\Program Files\XShell\Xmanager 6\;C:\Windows\system32;C:\Windows;C:\Windows\System32\Wbem;C:\Windows\System32\WindowsPowerShell\v1.0\;C:\Windows\System32\OpenSSH\;C:\Program Files\Pan Iflytek;D:\maven\apache-maven-3.5.4\bin;%GRADLE_HOME%\bin;C:\ProgramData\chocolatey\bin;D:\Program Files\nodejs;C:\Program Files\MySQL\MySQL Server 8.0\bin;D:\Program Files\Git\Git\cmd;D:\Program Files\TortoiseGit\bin;C:\Users\kehu2\.app\;C:\Program Files\MySQL\MySQL Shell 8.0\bin\;%USERPROFILE%\AppData\Local\Microsoft\WindowsApps;D:\Program Files\nodejs\node_global;%SystemRoot%\System32\Wbem;D:\Program Files\nodejs\node_global;;D:\Program Files\VScode\Microsoft VS Code\bin;.]
2021-03-02 18:09:26,165 3647 [main] INFO  org.apache.catalina.core.ContainerBase.[Tomcat].[localhost].[/] - Initializing Spring embedded WebApplicationContext
2021-03-02 18:09:26,165 3647 [main] INFO  org.springframework.web.context.ContextLoader - Root WebApplicationContext: initialization completed in 2223 ms
2021-03-02 18:09:26,448 3930 [main] INFO  org.springframework.scheduling.concurrent.ThreadPoolTaskExecutor - Initializing ExecutorService 'applicationTaskExecutor'
2021-03-02 18:09:26,787 4269 [main] INFO  org.apache.coyote.http11.Http11NioProtocol - Starting ProtocolHandler ["http-nio-8090"]
2021-03-02 18:09:26,801 4283 [main] INFO  org.apache.tomcat.util.net.NioSelectorPool - Using a shared selector for servlet write/read
2021-03-02 18:09:26,821 4303 [main] INFO  org.springframework.boot.web.embedded.tomcat.TomcatWebServer - Tomcat started on port(s): 8090 (http) with context path ''
2021-03-02 18:09:26,826 4308 [main] INFO  com.mercury.demo.DemoApplication - Started DemoApplication in 3.861 seconds (JVM running for 5.579)
2021-03-02 18:09:34,037 11519 [http-nio-8090-exec-2] INFO  org.apache.catalina.core.ContainerBase.[Tomcat].[localhost].[/] - Initializing Spring DispatcherServlet 'dispatcherServlet'
2021-03-02 18:09:34,037 11519 [http-nio-8090-exec-2] INFO  org.springframework.web.servlet.DispatcherServlet - Initializing Servlet 'dispatcherServlet'
2021-03-02 18:09:34,045 11527 [http-nio-8090-exec-2] INFO  org.springframework.web.servlet.DispatcherServlet - Completed initialization in 8 ms
2021-03-02 18:09:54,713 32195 [http-nio-8090-exec-9] INFO  com.mercury.demo.server.ProcessFile - ===调用非转码引擎接口===
2021-03-02 18:09:55,161 32643 [http-nio-8090-exec-9] INFO  com.mercury.demo.server.ProcessFile - 引擎调用结果为：{"state":{"code":10039,"success":false,"ok":0,"failed":"download file, uri: [null] null;;"},"lattices":[]}
2021-03-02 18:09:55,161 32643 [http-nio-8090-exec-9] INFO  com.mercury.demo.server.ProcessFile - ===引擎请求结束===
2021-03-02 18:09:55,163 32645 [http-nio-8090-exec-9] INFO  com.mercury.demo.server.ProcessFile - ===调用非转码引擎接口===
2021-03-02 18:09:56,157 33639 [http-nio-8090-exec-9] INFO  com.mercury.demo.server.ProcessFile - 引擎调用结果为：{"state":{"code":0,"success":true,"ok":1},"lattices":[{"lid":0,"spk":0,"begin":0,"end":2390,"sc":1.0,"json_cn1best":"{\"bg\":0,\"ed\":2390,\"rl\":1,\"ls\":false,\"msgtype\":\"sentence\",\"sn\":1,\"pa\":0,\"sc\":\"1.00\",\"ws\":[{\"bg\":8,\"cw\":[{\"sf\":0,\"w\":\"安徽省\",\"wb\":8,\"wc\":\"1.0000\",\"we\":52,\"wp\":\"n\"}]},{\"bg\":53,\"cw\":[{\"sf\":0,\"w\":\"合肥市\",\"wb\":53,\"wc\":\"1.0000\",\"we\":89,\"wp\":\"n\"}]},{\"bg\":90,\"cw\":[{\"sf\":0,\"w\":\"啊\",\"wb\":90,\"wc\":\"1.0000\",\"we\":94,\"wp\":\"n\"}]},{\"bg\":95,\"cw\":[{\"sf\":0,\"w\":\"蜀山区\",\"wb\":95,\"wc\":\"1.0000\",\"we\":140,\"wp\":\"n\"}]},{\"bg\":141,\"cw\":[{\"sf\":0,\"w\":\"科大讯飞\",\"wb\":141,\"wc\":\"1.0000\",\"we\":179,\"wp\":\"n\"}]},{\"bg\":180,\"cw\":[{\"sf\":0,\"w\":\"股份\",\"wb\":180,\"wc\":\"1.0000\",\"we\":197,\"wp\":\"n\"}]},{\"bg\":198,\"cw\":[{\"sf\":0,\"w\":\"有限公司\",\"wb\":198,\"wc\":\"1.0000\",\"we\":235,\"wp\":\"n\"}]},{\"bg\":235,\"cw\":[{\"sf\":0,\"w\":\"。\",\"wb\":235,\"wc\":\"0.0000\",\"we\":235,\"wp\":\"p\"}]}]}","onebest":"安徽省合肥市啊蜀山区科大讯飞股份有限公司。"}]}
2021-03-02 18:09:56,158 33640 [http-nio-8090-exec-9] INFO  com.mercury.demo.server.ProcessFile - ===引擎请求结束===
2021-03-02 18:09:58,464 35946 [http-nio-8090-exec-10] INFO  com.mercury.demo.server.ProcessFile - ===调用非转码引擎接口===
2021-03-02 18:09:58,704 36186 [http-nio-8090-exec-10] INFO  com.mercury.demo.server.ProcessFile - 引擎调用结果为：{"state":{"code":10039,"success":false,"ok":0,"failed":"download file, uri: [null] null;;"},"lattices":[]}
2021-03-02 18:09:58,705 36187 [http-nio-8090-exec-10] INFO  com.mercury.demo.server.ProcessFile - ===引擎请求结束===
2021-03-02 18:09:58,706 36188 [http-nio-8090-exec-10] INFO  com.mercury.demo.server.ProcessFile - ===调用非转码引擎接口===
2021-03-02 18:09:59,614 37096 [http-nio-8090-exec-10] INFO  com.mercury.demo.server.ProcessFile - 引擎调用结果为：{"state":{"code":0,"success":true,"ok":1},"lattices":[{"lid":0,"spk":0,"begin":0,"end":2390,"sc":1.0,"json_cn1best":"{\"bg\":0,\"ed\":2390,\"rl\":1,\"ls\":false,\"msgtype\":\"sentence\",\"sn\":1,\"pa\":0,\"sc\":\"1.00\",\"ws\":[{\"bg\":8,\"cw\":[{\"sf\":0,\"w\":\"安徽省\",\"wb\":8,\"wc\":\"1.0000\",\"we\":52,\"wp\":\"n\"}]},{\"bg\":53,\"cw\":[{\"sf\":0,\"w\":\"合肥市\",\"wb\":53,\"wc\":\"1.0000\",\"we\":89,\"wp\":\"n\"}]},{\"bg\":90,\"cw\":[{\"sf\":0,\"w\":\"啊\",\"wb\":90,\"wc\":\"1.0000\",\"we\":94,\"wp\":\"n\"}]},{\"bg\":95,\"cw\":[{\"sf\":0,\"w\":\"蜀山区\",\"wb\":95,\"wc\":\"1.0000\",\"we\":140,\"wp\":\"n\"}]},{\"bg\":141,\"cw\":[{\"sf\":0,\"w\":\"科大讯飞\",\"wb\":141,\"wc\":\"1.0000\",\"we\":179,\"wp\":\"n\"}]},{\"bg\":180,\"cw\":[{\"sf\":0,\"w\":\"股份\",\"wb\":180,\"wc\":\"1.0000\",\"we\":197,\"wp\":\"n\"}]},{\"bg\":198,\"cw\":[{\"sf\":0,\"w\":\"有限公司\",\"wb\":198,\"wc\":\"1.0000\",\"we\":235,\"wp\":\"n\"}]},{\"bg\":235,\"cw\":[{\"sf\":0,\"w\":\"。\",\"wb\":235,\"wc\":\"0.0000\",\"we\":235,\"wp\":\"p\"}]}]}","onebest":"安徽省合肥市啊蜀山区科大讯飞股份有限公司。"}]}
2021-03-02 18:09:59,614 37096 [http-nio-8090-exec-10] INFO  com.mercury.demo.server.ProcessFile - ===引擎请求结束===
2021-03-02 18:13:30,248 1167 [main] INFO  com.mercury.demo.DemoApplication - Starting DemoApplication on kehu2 with PID 27416 (D:\Javastudy\engine-test-tool\target\classes started by kehu2 in D:\Javastudy\engine-test-tool)
2021-03-02 18:13:30,252 1171 [main] INFO  com.mercury.demo.DemoApplication - No active profile set, falling back to default profiles: default
2021-03-02 18:13:31,879 2798 [main] INFO  org.springframework.boot.web.embedded.tomcat.TomcatWebServer - Tomcat initialized with port(s): 8090 (http)
2021-03-02 18:13:31,896 2815 [main] INFO  org.apache.coyote.http11.Http11NioProtocol - Initializing ProtocolHandler ["http-nio-8090"]
2021-03-02 18:13:31,905 2824 [main] INFO  org.apache.catalina.core.StandardService - Starting service [Tomcat]
2021-03-02 18:13:31,905 2824 [main] INFO  org.apache.catalina.core.StandardEngine - Starting Servlet Engine: Apache Tomcat/9.0.13
2021-03-02 18:13:31,913 2832 [main] INFO  org.apache.catalina.core.AprLifecycleListener - The APR based Apache Tomcat Native library which allows optimal performance in production environments was not found on the java.library.path: [D:\Program Files\JDK+JRE+MAVEN\JDK\jdk1.8.0_251\bin;C:\Windows\Sun\Java\bin;C:\Windows\system32;C:\Windows;C:\Python38\Scripts\;C:\Python38\;D:\Program Files\JDK+JRE+MAVEN\JDK\jdk1.8.0_251\bin;D:\Program Files\JDK+JRE+MAVEN\JDK\jdk1.8.0_251\jre\bin;C:\Program Files (x86)\Common Files\Oracle\Java\javapath;C:\Program Files (x86)\Common Files\NetSarang;D:\Program Files\XShell\Xlpd 6\;D:\Program Files\XShell\Xmanager 6\;C:\Windows\system32;C:\Windows;C:\Windows\System32\Wbem;C:\Windows\System32\WindowsPowerShell\v1.0\;C:\Windows\System32\OpenSSH\;C:\Program Files\Pan Iflytek;D:\maven\apache-maven-3.5.4\bin;%GRADLE_HOME%\bin;C:\ProgramData\chocolatey\bin;D:\Program Files\nodejs;C:\Program Files\MySQL\MySQL Server 8.0\bin;D:\Program Files\Git\Git\cmd;D:\Program Files\TortoiseGit\bin;C:\Users\kehu2\.app\;C:\Program Files\MySQL\MySQL Shell 8.0\bin\;%USERPROFILE%\AppData\Local\Microsoft\WindowsApps;D:\Program Files\nodejs\node_global;%SystemRoot%\System32\Wbem;D:\Program Files\nodejs\node_global;;D:\Program Files\VScode\Microsoft VS Code\bin;.]
2021-03-02 18:13:32,061 2980 [main] INFO  org.apache.catalina.core.ContainerBase.[Tomcat].[localhost].[/] - Initializing Spring embedded WebApplicationContext
2021-03-02 18:13:32,061 2980 [main] INFO  org.springframework.web.context.ContextLoader - Root WebApplicationContext: initialization completed in 1747 ms
2021-03-02 18:13:32,317 3236 [main] INFO  org.springframework.scheduling.concurrent.ThreadPoolTaskExecutor - Initializing ExecutorService 'applicationTaskExecutor'
2021-03-02 18:13:32,624 3543 [main] INFO  org.apache.coyote.http11.Http11NioProtocol - Starting ProtocolHandler ["http-nio-8090"]
2021-03-02 18:13:32,636 3555 [main] INFO  org.apache.tomcat.util.net.NioSelectorPool - Using a shared selector for servlet write/read
2021-03-02 18:13:32,667 3586 [main] INFO  org.springframework.boot.web.embedded.tomcat.TomcatWebServer - Tomcat started on port(s): 8090 (http) with context path ''
2021-03-02 18:13:32,672 3591 [main] INFO  com.mercury.demo.DemoApplication - Started DemoApplication in 3.151 seconds (JVM running for 4.849)
2021-03-02 18:13:35,763 6682 [http-nio-8090-exec-2] INFO  org.apache.catalina.core.ContainerBase.[Tomcat].[localhost].[/] - Initializing Spring DispatcherServlet 'dispatcherServlet'
2021-03-02 18:13:35,764 6683 [http-nio-8090-exec-2] INFO  org.springframework.web.servlet.DispatcherServlet - Initializing Servlet 'dispatcherServlet'
2021-03-02 18:13:35,772 6691 [http-nio-8090-exec-2] INFO  org.springframework.web.servlet.DispatcherServlet - Completed initialization in 8 ms
2021-03-02 18:13:57,370 28289 [http-nio-8090-exec-7] INFO  com.mercury.demo.server.ProcessFile - ===调用非转码引擎接口===
2021-03-02 18:13:57,862 28781 [http-nio-8090-exec-7] INFO  com.mercury.demo.server.ProcessFile - 引擎调用结果为：{"state":{"code":10039,"success":false,"ok":0,"failed":"download file, uri: [null] null;;"},"lattices":[]}
2021-03-02 18:13:57,863 28782 [http-nio-8090-exec-7] INFO  com.mercury.demo.server.ProcessFile - ===引擎请求结束===
2021-03-02 18:13:57,867 28786 [http-nio-8090-exec-7] INFO  com.mercury.demo.server.ProcessFile - ===调用非转码引擎接口===
2021-03-02 18:13:58,811 29730 [http-nio-8090-exec-7] INFO  com.mercury.demo.server.ProcessFile - 引擎调用结果为：{"state":{"code":0,"success":true,"ok":1},"lattices":[{"lid":0,"spk":0,"begin":0,"end":2390,"sc":1.0,"json_cn1best":"{\"bg\":0,\"ed\":2390,\"rl\":1,\"ls\":false,\"msgtype\":\"sentence\",\"sn\":1,\"pa\":0,\"sc\":\"1.00\",\"ws\":[{\"bg\":8,\"cw\":[{\"sf\":0,\"w\":\"安徽省\",\"wb\":8,\"wc\":\"1.0000\",\"we\":52,\"wp\":\"n\"}]},{\"bg\":53,\"cw\":[{\"sf\":0,\"w\":\"合肥市\",\"wb\":53,\"wc\":\"1.0000\",\"we\":89,\"wp\":\"n\"}]},{\"bg\":90,\"cw\":[{\"sf\":0,\"w\":\"啊\",\"wb\":90,\"wc\":\"1.0000\",\"we\":94,\"wp\":\"n\"}]},{\"bg\":95,\"cw\":[{\"sf\":0,\"w\":\"蜀山区\",\"wb\":95,\"wc\":\"1.0000\",\"we\":140,\"wp\":\"n\"}]},{\"bg\":141,\"cw\":[{\"sf\":0,\"w\":\"科大讯飞\",\"wb\":141,\"wc\":\"1.0000\",\"we\":179,\"wp\":\"n\"}]},{\"bg\":180,\"cw\":[{\"sf\":0,\"w\":\"股份\",\"wb\":180,\"wc\":\"1.0000\",\"we\":197,\"wp\":\"n\"}]},{\"bg\":198,\"cw\":[{\"sf\":0,\"w\":\"有限公司\",\"wb\":198,\"wc\":\"1.0000\",\"we\":235,\"wp\":\"n\"}]},{\"bg\":235,\"cw\":[{\"sf\":0,\"w\":\"。\",\"wb\":235,\"wc\":\"0.0000\",\"we\":235,\"wp\":\"p\"}]}]}","onebest":"安徽省合肥市啊蜀山区科大讯飞股份有限公司。"}]}
2021-03-02 18:13:58,811 29730 [http-nio-8090-exec-7] INFO  com.mercury.demo.server.ProcessFile - ===引擎请求结束===
2021-03-02 18:14:59,752 90671 [http-nio-8090-exec-6] INFO  com.mercury.demo.server.ProcessFile - ===调用非转码引擎接口===
2021-03-02 18:15:00,031 90950 [http-nio-8090-exec-6] INFO  com.mercury.demo.server.ProcessFile - 引擎调用结果为：{"state":{"code":10039,"success":false,"ok":0,"failed":"download file, uri: [null] null;;"},"lattices":[]}
2021-03-02 18:15:00,031 90950 [http-nio-8090-exec-6] INFO  com.mercury.demo.server.ProcessFile - ===引擎请求结束===
2021-03-02 18:15:00,033 90952 [http-nio-8090-exec-6] INFO  com.mercury.demo.server.ProcessFile - ===调用非转码引擎接口===
2021-03-02 18:15:00,943 91862 [http-nio-8090-exec-6] INFO  com.mercury.demo.server.ProcessFile - 引擎调用结果为：{"state":{"code":0,"success":true,"ok":1},"lattices":[{"lid":0,"spk":0,"begin":0,"end":2390,"sc":1.0,"json_cn1best":"{\"bg\":0,\"ed\":2390,\"rl\":1,\"ls\":false,\"msgtype\":\"sentence\",\"sn\":1,\"pa\":0,\"sc\":\"1.00\",\"ws\":[{\"bg\":8,\"cw\":[{\"sf\":0,\"w\":\"安徽省\",\"wb\":8,\"wc\":\"1.0000\",\"we\":52,\"wp\":\"n\"}]},{\"bg\":53,\"cw\":[{\"sf\":0,\"w\":\"合肥市\",\"wb\":53,\"wc\":\"1.0000\",\"we\":95,\"wp\":\"n\"}]},{\"bg\":96,\"cw\":[{\"sf\":0,\"w\":\"蜀山区\",\"wb\":96,\"wc\":\"1.0000\",\"we\":143,\"wp\":\"n\"}]},{\"bg\":144,\"cw\":[{\"sf\":0,\"w\":\"科大讯飞\",\"wb\":144,\"wc\":\"1.0000\",\"we\":179,\"wp\":\"n\"}]},{\"bg\":180,\"cw\":[{\"sf\":0,\"w\":\"股份\",\"wb\":180,\"wc\":\"1.0000\",\"we\":194,\"wp\":\"n\"}]},{\"bg\":195,\"cw\":[{\"sf\":0,\"w\":\"有限公司\",\"wb\":195,\"wc\":\"1.0000\",\"we\":235,\"wp\":\"n\"}]},{\"bg\":235,\"cw\":[{\"sf\":0,\"w\":\"。\",\"wb\":235,\"wc\":\"0.0000\",\"we\":235,\"wp\":\"p\"}]}]}","onebest":"安徽省合肥市蜀山区科大讯飞股份有限公司。"}]}
2021-03-02 18:15:00,943 91862 [http-nio-8090-exec-6] INFO  com.mercury.demo.server.ProcessFile - ===引擎请求结束===
2021-03-02 18:15:26,092 1066 [main] INFO  com.mercury.demo.DemoApplication - Starting DemoApplication on kehu2 with PID 12736 (D:\Javastudy\engine-test-tool\target\classes started by kehu2 in D:\Javastudy\engine-test-tool)
2021-03-02 18:15:26,099 1073 [main] INFO  com.mercury.demo.DemoApplication - No active profile set, falling back to default profiles: default
2021-03-02 18:15:27,843 2817 [main] INFO  org.springframework.boot.web.embedded.tomcat.TomcatWebServer - Tomcat initialized with port(s): 8090 (http)
2021-03-02 18:15:27,863 2837 [main] INFO  org.apache.coyote.http11.Http11NioProtocol - Initializing ProtocolHandler ["http-nio-8090"]
2021-03-02 18:15:27,878 2852 [main] INFO  org.apache.catalina.core.StandardService - Starting service [Tomcat]
2021-03-02 18:15:27,879 2853 [main] INFO  org.apache.catalina.core.StandardEngine - Starting Servlet Engine: Apache Tomcat/9.0.13
2021-03-02 18:15:27,890 2864 [main] INFO  org.apache.catalina.core.AprLifecycleListener - The APR based Apache Tomcat Native library which allows optimal performance in production environments was not found on the java.library.path: [D:\Program Files\JDK+JRE+MAVEN\JDK\jdk1.8.0_251\bin;C:\Windows\Sun\Java\bin;C:\Windows\system32;C:\Windows;C:\Python38\Scripts\;C:\Python38\;D:\Program Files\JDK+JRE+MAVEN\JDK\jdk1.8.0_251\bin;D:\Program Files\JDK+JRE+MAVEN\JDK\jdk1.8.0_251\jre\bin;C:\Program Files (x86)\Common Files\Oracle\Java\javapath;C:\Program Files (x86)\Common Files\NetSarang;D:\Program Files\XShell\Xlpd 6\;D:\Program Files\XShell\Xmanager 6\;C:\Windows\system32;C:\Windows;C:\Windows\System32\Wbem;C:\Windows\System32\WindowsPowerShell\v1.0\;C:\Windows\System32\OpenSSH\;C:\Program Files\Pan Iflytek;D:\maven\apache-maven-3.5.4\bin;%GRADLE_HOME%\bin;C:\ProgramData\chocolatey\bin;D:\Program Files\nodejs;C:\Program Files\MySQL\MySQL Server 8.0\bin;D:\Program Files\Git\Git\cmd;D:\Program Files\TortoiseGit\bin;C:\Users\kehu2\.app\;C:\Program Files\MySQL\MySQL Shell 8.0\bin\;%USERPROFILE%\AppData\Local\Microsoft\WindowsApps;D:\Program Files\nodejs\node_global;%SystemRoot%\System32\Wbem;D:\Program Files\nodejs\node_global;;D:\Program Files\VScode\Microsoft VS Code\bin;.]
2021-03-02 18:15:28,084 3058 [main] INFO  org.apache.catalina.core.ContainerBase.[Tomcat].[localhost].[/] - Initializing Spring embedded WebApplicationContext
2021-03-02 18:15:28,085 3059 [main] INFO  org.springframework.web.context.ContextLoader - Root WebApplicationContext: initialization completed in 1927 ms
2021-03-02 18:15:28,357 3331 [main] INFO  org.springframework.scheduling.concurrent.ThreadPoolTaskExecutor - Initializing ExecutorService 'applicationTaskExecutor'
2021-03-02 18:15:28,680 3654 [main] INFO  org.apache.coyote.http11.Http11NioProtocol - Starting ProtocolHandler ["http-nio-8090"]
2021-03-02 18:15:28,694 3668 [main] INFO  org.apache.tomcat.util.net.NioSelectorPool - Using a shared selector for servlet write/read
2021-03-02 18:15:28,720 3694 [main] INFO  org.springframework.boot.web.embedded.tomcat.TomcatWebServer - Tomcat started on port(s): 8090 (http) with context path ''
2021-03-02 18:15:28,725 3699 [main] INFO  com.mercury.demo.DemoApplication - Started DemoApplication in 3.29 seconds (JVM running for 5.066)
2021-03-02 18:15:33,154 8128 [http-nio-8090-exec-1] INFO  org.apache.catalina.core.ContainerBase.[Tomcat].[localhost].[/] - Initializing Spring DispatcherServlet 'dispatcherServlet'
2021-03-02 18:15:33,155 8129 [http-nio-8090-exec-1] INFO  org.springframework.web.servlet.DispatcherServlet - Initializing Servlet 'dispatcherServlet'
2021-03-02 18:15:33,162 8136 [http-nio-8090-exec-1] INFO  org.springframework.web.servlet.DispatcherServlet - Completed initialization in 7 ms
2021-03-02 18:18:06,299 161273 [http-nio-8090-exec-3] INFO  com.mercury.demo.server.ProcessFile - ===调用非转码引擎接口===
2021-03-02 18:18:06,791 161765 [http-nio-8090-exec-3] INFO  com.mercury.demo.server.ProcessFile - 引擎调用结果为：{"state":{"code":10039,"success":false,"ok":0,"failed":"download file, uri: [null] null;;"},"lattices":[]}
2021-03-02 18:18:06,791 161765 [http-nio-8090-exec-3] INFO  com.mercury.demo.server.ProcessFile - ===引擎请求结束===
2021-03-02 18:18:06,793 161767 [http-nio-8090-exec-3] INFO  com.mercury.demo.server.ProcessFile - ===调用非转码引擎接口===
2021-03-02 18:18:12,109 1197 [main] INFO  com.mercury.demo.DemoApplication - Starting DemoApplication on kehu2 with PID 24528 (D:\Javastudy\engine-test-tool\target\classes started by kehu2 in D:\Javastudy\engine-test-tool)
2021-03-02 18:18:12,113 1201 [main] INFO  com.mercury.demo.DemoApplication - No active profile set, falling back to default profiles: default
2021-03-02 18:18:13,900 2988 [main] INFO  org.springframework.boot.web.embedded.tomcat.TomcatWebServer - Tomcat initialized with port(s): 8090 (http)
2021-03-02 18:18:13,917 3005 [main] INFO  org.apache.coyote.http11.Http11NioProtocol - Initializing ProtocolHandler ["http-nio-8090"]
2021-03-02 18:18:13,930 3018 [main] INFO  org.apache.catalina.core.StandardService - Starting service [Tomcat]
2021-03-02 18:18:13,930 3018 [main] INFO  org.apache.catalina.core.StandardEngine - Starting Servlet Engine: Apache Tomcat/9.0.13
2021-03-02 18:18:13,940 3028 [main] INFO  org.apache.catalina.core.AprLifecycleListener - The APR based Apache Tomcat Native library which allows optimal performance in production environments was not found on the java.library.path: [D:\Program Files\JDK+JRE+MAVEN\JDK\jdk1.8.0_251\bin;C:\Windows\Sun\Java\bin;C:\Windows\system32;C:\Windows;C:\Python38\Scripts\;C:\Python38\;D:\Program Files\JDK+JRE+MAVEN\JDK\jdk1.8.0_251\bin;D:\Program Files\JDK+JRE+MAVEN\JDK\jdk1.8.0_251\jre\bin;C:\Program Files (x86)\Common Files\Oracle\Java\javapath;C:\Program Files (x86)\Common Files\NetSarang;D:\Program Files\XShell\Xlpd 6\;D:\Program Files\XShell\Xmanager 6\;C:\Windows\system32;C:\Windows;C:\Windows\System32\Wbem;C:\Windows\System32\WindowsPowerShell\v1.0\;C:\Windows\System32\OpenSSH\;C:\Program Files\Pan Iflytek;D:\maven\apache-maven-3.5.4\bin;%GRADLE_HOME%\bin;C:\ProgramData\chocolatey\bin;D:\Program Files\nodejs;C:\Program Files\MySQL\MySQL Server 8.0\bin;D:\Program Files\Git\Git\cmd;D:\Program Files\TortoiseGit\bin;C:\Users\kehu2\.app\;C:\Program Files\MySQL\MySQL Shell 8.0\bin\;%USERPROFILE%\AppData\Local\Microsoft\WindowsApps;D:\Program Files\nodejs\node_global;%SystemRoot%\System32\Wbem;D:\Program Files\nodejs\node_global;;D:\Program Files\VScode\Microsoft VS Code\bin;.]
2021-03-02 18:18:14,091 3179 [main] INFO  org.apache.catalina.core.ContainerBase.[Tomcat].[localhost].[/] - Initializing Spring embedded WebApplicationContext
2021-03-02 18:18:14,091 3179 [main] INFO  org.springframework.web.context.ContextLoader - Root WebApplicationContext: initialization completed in 1910 ms
2021-03-02 18:18:14,348 3436 [main] INFO  org.springframework.scheduling.concurrent.ThreadPoolTaskExecutor - Initializing ExecutorService 'applicationTaskExecutor'
2021-03-02 18:18:14,671 3759 [main] INFO  org.apache.coyote.http11.Http11NioProtocol - Starting ProtocolHandler ["http-nio-8090"]
2021-03-02 18:18:14,682 3770 [main] INFO  org.apache.tomcat.util.net.NioSelectorPool - Using a shared selector for servlet write/read
2021-03-02 18:18:14,704 3792 [main] INFO  org.springframework.boot.web.embedded.tomcat.TomcatWebServer - Tomcat started on port(s): 8090 (http) with context path ''
2021-03-02 18:18:14,709 3797 [main] INFO  com.mercury.demo.DemoApplication - Started DemoApplication in 3.358 seconds (JVM running for 5.239)
2021-03-02 18:18:14,937 4025 [http-nio-8090-exec-1] INFO  org.apache.catalina.core.ContainerBase.[Tomcat].[localhost].[/] - Initializing Spring DispatcherServlet 'dispatcherServlet'
2021-03-02 18:18:14,938 4026 [http-nio-8090-exec-1] INFO  org.springframework.web.servlet.DispatcherServlet - Initializing Servlet 'dispatcherServlet'
2021-03-02 18:18:14,945 4033 [http-nio-8090-exec-1] INFO  org.springframework.web.servlet.DispatcherServlet - Completed initialization in 7 ms
2021-03-02 18:18:15,483 4571 [http-nio-8090-exec-1] INFO  com.mercury.demo.server.ProcessFile - ===调用非转码引擎接口===
2021-03-02 18:18:15,916 5004 [http-nio-8090-exec-1] INFO  com.mercury.demo.server.ProcessFile - 引擎调用结果为：{"state":{"code":10039,"success":false,"ok":0,"failed":"download file, uri: [null] null;;"},"lattices":[]}
2021-03-02 18:18:15,917 5005 [http-nio-8090-exec-1] INFO  com.mercury.demo.server.ProcessFile - ===引擎请求结束===
2021-03-02 18:18:15,918 5006 [http-nio-8090-exec-1] INFO  com.mercury.demo.server.ProcessFile - ===调用非转码引擎接口===
2021-03-02 18:18:16,809 5897 [http-nio-8090-exec-1] INFO  com.mercury.demo.server.ProcessFile - 引擎调用结果为：{"state":{"code":0,"success":true,"ok":1},"lattices":[{"lid":0,"spk":0,"begin":0,"end":2390,"sc":1.0,"json_cn1best":"{\"bg\":0,\"ed\":2390,\"rl\":1,\"ls\":false,\"msgtype\":\"sentence\",\"sn\":1,\"pa\":0,\"sc\":\"1.00\",\"ws\":[{\"bg\":8,\"cw\":[{\"sf\":0,\"w\":\"安徽省\",\"wb\":8,\"wc\":\"1.0000\",\"we\":52,\"wp\":\"n\"}]},{\"bg\":53,\"cw\":[{\"sf\":0,\"w\":\"合肥市\",\"wb\":53,\"wc\":\"1.0000\",\"we\":89,\"wp\":\"n\"}]},{\"bg\":90,\"cw\":[{\"sf\":0,\"w\":\"啊\",\"wb\":90,\"wc\":\"1.0000\",\"we\":94,\"wp\":\"n\"}]},{\"bg\":95,\"cw\":[{\"sf\":0,\"w\":\"蜀山区\",\"wb\":95,\"wc\":\"1.0000\",\"we\":140,\"wp\":\"n\"}]},{\"bg\":141,\"cw\":[{\"sf\":0,\"w\":\"科大讯飞\",\"wb\":141,\"wc\":\"1.0000\",\"we\":179,\"wp\":\"n\"}]},{\"bg\":180,\"cw\":[{\"sf\":0,\"w\":\"股份\",\"wb\":180,\"wc\":\"1.0000\",\"we\":197,\"wp\":\"n\"}]},{\"bg\":198,\"cw\":[{\"sf\":0,\"w\":\"有限公司\",\"wb\":198,\"wc\":\"1.0000\",\"we\":235,\"wp\":\"n\"}]},{\"bg\":235,\"cw\":[{\"sf\":0,\"w\":\"。\",\"wb\":235,\"wc\":\"0.0000\",\"we\":235,\"wp\":\"p\"}]}]}","onebest":"安徽省合肥市啊蜀山区科大讯飞股份有限公司。"}]}
2021-03-02 18:18:16,810 5898 [http-nio-8090-exec-1] INFO  com.mercury.demo.server.ProcessFile - ===引擎请求结束===
2021-03-02 18:19:04,437 1295 [main] INFO  com.mercury.demo.DemoApplication - Starting DemoApplication on kehu2 with PID 24984 (D:\Javastudy\engine-test-tool\target\classes started by kehu2 in D:\Javastudy\engine-test-tool)
2021-03-02 18:19:04,442 1300 [main] INFO  com.mercury.demo.DemoApplication - No active profile set, falling back to default profiles: default
2021-03-02 18:19:06,102 2960 [main] INFO  org.springframework.boot.web.embedded.tomcat.TomcatWebServer - Tomcat initialized with port(s): 8090 (http)
2021-03-02 18:19:06,121 2979 [main] INFO  org.apache.coyote.http11.Http11NioProtocol - Initializing ProtocolHandler ["http-nio-8090"]
2021-03-02 18:19:06,136 2994 [main] INFO  org.apache.catalina.core.StandardService - Starting service [Tomcat]
2021-03-02 18:19:06,136 2994 [main] INFO  org.apache.catalina.core.StandardEngine - Starting Servlet Engine: Apache Tomcat/9.0.13
2021-03-02 18:19:06,144 3002 [main] INFO  org.apache.catalina.core.AprLifecycleListener - The APR based Apache Tomcat Native library which allows optimal performance in production environments was not found on the java.library.path: [D:\Program Files\JDK+JRE+MAVEN\JDK\jdk1.8.0_251\bin;C:\Windows\Sun\Java\bin;C:\Windows\system32;C:\Windows;C:\Python38\Scripts\;C:\Python38\;D:\Program Files\JDK+JRE+MAVEN\JDK\jdk1.8.0_251\bin;D:\Program Files\JDK+JRE+MAVEN\JDK\jdk1.8.0_251\jre\bin;C:\Program Files (x86)\Common Files\Oracle\Java\javapath;C:\Program Files (x86)\Common Files\NetSarang;D:\Program Files\XShell\Xlpd 6\;D:\Program Files\XShell\Xmanager 6\;C:\Windows\system32;C:\Windows;C:\Windows\System32\Wbem;C:\Windows\System32\WindowsPowerShell\v1.0\;C:\Windows\System32\OpenSSH\;C:\Program Files\Pan Iflytek;D:\maven\apache-maven-3.5.4\bin;%GRADLE_HOME%\bin;C:\ProgramData\chocolatey\bin;D:\Program Files\nodejs;C:\Program Files\MySQL\MySQL Server 8.0\bin;D:\Program Files\Git\Git\cmd;D:\Program Files\TortoiseGit\bin;C:\Users\kehu2\.app\;C:\Program Files\MySQL\MySQL Shell 8.0\bin\;%USERPROFILE%\AppData\Local\Microsoft\WindowsApps;D:\Program Files\nodejs\node_global;%SystemRoot%\System32\Wbem;D:\Program Files\nodejs\node_global;;D:\Program Files\VScode\Microsoft VS Code\bin;.]
2021-03-02 18:19:06,315 3173 [main] INFO  org.apache.catalina.core.ContainerBase.[Tomcat].[localhost].[/] - Initializing Spring embedded WebApplicationContext
2021-03-02 18:19:06,316 3174 [main] INFO  org.springframework.web.context.ContextLoader - Root WebApplicationContext: initialization completed in 1798 ms
2021-03-02 18:19:06,634 3492 [main] INFO  org.springframework.scheduling.concurrent.ThreadPoolTaskExecutor - Initializing ExecutorService 'applicationTaskExecutor'
2021-03-02 18:19:06,985 3843 [main] INFO  org.apache.coyote.http11.Http11NioProtocol - Starting ProtocolHandler ["http-nio-8090"]
2021-03-02 18:19:06,998 3856 [main] INFO  org.apache.tomcat.util.net.NioSelectorPool - Using a shared selector for servlet write/read
2021-03-02 18:19:07,022 3880 [main] INFO  org.springframework.boot.web.embedded.tomcat.TomcatWebServer - Tomcat started on port(s): 8090 (http) with context path ''
2021-03-02 18:19:07,026 3884 [main] INFO  com.mercury.demo.DemoApplication - Started DemoApplication in 3.405 seconds (JVM running for 5.46)
2021-03-02 18:19:09,503 6361 [http-nio-8090-exec-1] INFO  org.apache.catalina.core.ContainerBase.[Tomcat].[localhost].[/] - Initializing Spring DispatcherServlet 'dispatcherServlet'
2021-03-02 18:19:09,504 6362 [http-nio-8090-exec-1] INFO  org.springframework.web.servlet.DispatcherServlet - Initializing Servlet 'dispatcherServlet'
2021-03-02 18:19:09,510 6368 [http-nio-8090-exec-1] INFO  org.springframework.web.servlet.DispatcherServlet - Completed initialization in 6 ms
2021-03-02 18:19:32,507 921  [main] INFO  com.mercury.demo.DemoApplication - Starting DemoApplication on kehu2 with PID 23564 (D:\Javastudy\engine-test-tool\target\classes started by kehu2 in D:\Javastudy\engine-test-tool)
2021-03-02 18:19:32,512 926  [main] INFO  com.mercury.demo.DemoApplication - No active profile set, falling back to default profiles: default
2021-03-02 18:19:34,120 2534 [main] INFO  org.springframework.boot.web.embedded.tomcat.TomcatWebServer - Tomcat initialized with port(s): 8090 (http)
2021-03-02 18:19:34,136 2550 [main] INFO  org.apache.coyote.http11.Http11NioProtocol - Initializing ProtocolHandler ["http-nio-8090"]
2021-03-02 18:19:34,147 2561 [main] INFO  org.apache.catalina.core.StandardService - Starting service [Tomcat]
2021-03-02 18:19:34,147 2561 [main] INFO  org.apache.catalina.core.StandardEngine - Starting Servlet Engine: Apache Tomcat/9.0.13
2021-03-02 18:19:34,154 2568 [main] INFO  org.apache.catalina.core.AprLifecycleListener - The APR based Apache Tomcat Native library which allows optimal performance in production environments was not found on the java.library.path: [D:\Program Files\JDK+JRE+MAVEN\JDK\jdk1.8.0_251\bin;C:\Windows\Sun\Java\bin;C:\Windows\system32;C:\Windows;C:\Python38\Scripts\;C:\Python38\;D:\Program Files\JDK+JRE+MAVEN\JDK\jdk1.8.0_251\bin;D:\Program Files\JDK+JRE+MAVEN\JDK\jdk1.8.0_251\jre\bin;C:\Program Files (x86)\Common Files\Oracle\Java\javapath;C:\Program Files (x86)\Common Files\NetSarang;D:\Program Files\XShell\Xlpd 6\;D:\Program Files\XShell\Xmanager 6\;C:\Windows\system32;C:\Windows;C:\Windows\System32\Wbem;C:\Windows\System32\WindowsPowerShell\v1.0\;C:\Windows\System32\OpenSSH\;C:\Program Files\Pan Iflytek;D:\maven\apache-maven-3.5.4\bin;%GRADLE_HOME%\bin;C:\ProgramData\chocolatey\bin;D:\Program Files\nodejs;C:\Program Files\MySQL\MySQL Server 8.0\bin;D:\Program Files\Git\Git\cmd;D:\Program Files\TortoiseGit\bin;C:\Users\kehu2\.app\;C:\Program Files\MySQL\MySQL Shell 8.0\bin\;%USERPROFILE%\AppData\Local\Microsoft\WindowsApps;D:\Program Files\nodejs\node_global;%SystemRoot%\System32\Wbem;D:\Program Files\nodejs\node_global;;D:\Program Files\VScode\Microsoft VS Code\bin;.]
2021-03-02 18:19:34,304 2718 [main] INFO  org.apache.catalina.core.ContainerBase.[Tomcat].[localhost].[/] - Initializing Spring embedded WebApplicationContext
2021-03-02 18:19:34,304 2718 [main] INFO  org.springframework.web.context.ContextLoader - Root WebApplicationContext: initialization completed in 1735 ms
2021-03-02 18:19:34,559 2973 [main] INFO  org.springframework.scheduling.concurrent.ThreadPoolTaskExecutor - Initializing ExecutorService 'applicationTaskExecutor'
2021-03-02 18:19:34,890 3304 [main] INFO  org.apache.coyote.http11.Http11NioProtocol - Starting ProtocolHandler ["http-nio-8090"]
2021-03-02 18:19:34,901 3315 [main] INFO  org.apache.tomcat.util.net.NioSelectorPool - Using a shared selector for servlet write/read
2021-03-02 18:19:34,921 3335 [main] INFO  org.springframework.boot.web.embedded.tomcat.TomcatWebServer - Tomcat started on port(s): 8090 (http) with context path ''
2021-03-02 18:19:34,925 3339 [main] INFO  com.mercury.demo.DemoApplication - Started DemoApplication in 2.991 seconds (JVM running for 4.466)
2021-03-02 18:19:44,257 12671 [http-nio-8090-exec-1] INFO  org.apache.catalina.core.ContainerBase.[Tomcat].[localhost].[/] - Initializing Spring DispatcherServlet 'dispatcherServlet'
2021-03-02 18:19:44,258 12672 [http-nio-8090-exec-1] INFO  org.springframework.web.servlet.DispatcherServlet - Initializing Servlet 'dispatcherServlet'
2021-03-02 18:19:44,267 12681 [http-nio-8090-exec-1] INFO  org.springframework.web.servlet.DispatcherServlet - Completed initialization in 9 ms
2021-03-02 18:19:45,903 14317 [http-nio-8090-exec-2] INFO  com.mercury.demo.server.ProcessFile - ===调用非转码引擎接口===
2021-03-02 18:19:46,336 14750 [http-nio-8090-exec-2] INFO  com.mercury.demo.server.ProcessFile - 引擎调用结果为：{"state":{"code":10039,"success":false,"ok":0,"failed":"download file, uri: [null] null;;"},"lattices":[]}
2021-03-02 18:19:46,337 14751 [http-nio-8090-exec-2] INFO  com.mercury.demo.server.ProcessFile - ===引擎请求结束===
2021-03-02 18:19:46,338 14752 [http-nio-8090-exec-2] INFO  com.mercury.demo.server.ProcessFile - ===调用非转码引擎接口===
2021-03-02 18:19:47,317 15731 [http-nio-8090-exec-2] INFO  com.mercury.demo.server.ProcessFile - 引擎调用结果为：{"state":{"code":0,"success":true,"ok":1},"lattices":[{"lid":0,"spk":0,"begin":0,"end":2390,"sc":1.0,"json_cn1best":"{\"bg\":0,\"ed\":2390,\"rl\":1,\"ls\":false,\"msgtype\":\"sentence\",\"sn\":1,\"pa\":0,\"sc\":\"1.00\",\"ws\":[{\"bg\":8,\"cw\":[{\"sf\":0,\"w\":\"安徽省\",\"wb\":8,\"wc\":\"1.0000\",\"we\":52,\"wp\":\"n\"}]},{\"bg\":53,\"cw\":[{\"sf\":0,\"w\":\"合肥市\",\"wb\":53,\"wc\":\"1.0000\",\"we\":89,\"wp\":\"n\"}]},{\"bg\":90,\"cw\":[{\"sf\":0,\"w\":\"啊\",\"wb\":90,\"wc\":\"1.0000\",\"we\":94,\"wp\":\"n\"}]},{\"bg\":95,\"cw\":[{\"sf\":0,\"w\":\"蜀山区\",\"wb\":95,\"wc\":\"1.0000\",\"we\":140,\"wp\":\"n\"}]},{\"bg\":141,\"cw\":[{\"sf\":0,\"w\":\"科大讯飞\",\"wb\":141,\"wc\":\"1.0000\",\"we\":179,\"wp\":\"n\"}]},{\"bg\":180,\"cw\":[{\"sf\":0,\"w\":\"股份\",\"wb\":180,\"wc\":\"1.0000\",\"we\":197,\"wp\":\"n\"}]},{\"bg\":198,\"cw\":[{\"sf\":0,\"w\":\"有限公司\",\"wb\":198,\"wc\":\"1.0000\",\"we\":235,\"wp\":\"n\"}]},{\"bg\":235,\"cw\":[{\"sf\":0,\"w\":\"。\",\"wb\":235,\"wc\":\"0.0000\",\"we\":235,\"wp\":\"p\"}]}]}","onebest":"安徽省合肥市啊蜀山区科大讯飞股份有限公司。"}]}
2021-03-02 18:19:47,317 15731 [http-nio-8090-exec-2] INFO  com.mercury.demo.server.ProcessFile - ===引擎请求结束===
